<?xml version="1.0" encoding="utf-8"?><testsuites name="pytest tests"><testsuite name="pytest" errors="0" failures="0" skipped="0" tests="4" time="1.895" timestamp="2026-08-19T06:50:32.858171+00:00" hostname="agent-env-6df108d7-8596-4994-9596-72a6f02819a2"><testcase classname="tests.test_account_deletion.TestAccountDeletionAuth" name="test_delete_requires_auth" time="0.305" /><testcase classname="tests.test_account_deletion.TestAccountDeletionAuth" name="test_delete_with_garbage_token_401" time="0.195" /><testcase classname="tests.test_account_deletion.TestAccountDeletionFlow" name="test_seed_data_then_delete_wipes_everything" time="0.555" /><testcase classname="tests.test_account_deletion.TestAccountDeletionIsolation" name="test_delete_does_not_touch_other_users" time="0.732" /></testsuite></testsuites>