<?xml version="1.0" encoding="utf-8"?><testsuites name="pytest tests"><testsuite name="pytest" errors="0" failures="0" skipped="0" tests="38" time="32.608" timestamp="2026-08-19T06:50:40.101722+00:00" hostname="agent-env-6df108d7-8596-4994-9596-72a6f02819a2"><testcase classname="tests.test_account_deletion.TestAccountDeletionAuth" name="test_delete_requires_auth" time="0.127" /><testcase classname="tests.test_account_deletion.TestAccountDeletionAuth" name="test_delete_with_garbage_token_401" time="0.159" /><testcase classname="tests.test_account_deletion.TestAccountDeletionFlow" name="test_seed_data_then_delete_wipes_everything" time="0.557" /><testcase classname="tests.test_account_deletion.TestAccountDeletionIsolation" name="test_delete_does_not_touch_other_users" time="0.809" /><testcase classname="tests.test_lifeos_backend.TestAuth" name="test_root_public" time="0.124" /><testcase classname="tests.test_lifeos_backend.TestAuth" name="test_me_requires_auth" time="0.066" /><testcase classname="tests.test_lifeos_backend.TestAuth" name="test_workspace_requires_auth" time="0.059" /><testcase classname="tests.test_lifeos_backend.TestAuth" name="test_invalid_token" time="0.060" /><testcase classname="tests.test_lifeos_backend.TestAuth" name="test_me_ok" time="0.123" /><testcase classname="tests.test_lifeos_backend.TestAuth" name="test_workspace_shape" time="0.078" /><testcase classname="tests.test_lifeos_backend.TestOnboardDocument" name="test_empty_rejected" time="0.069" /><testcase classname="tests.test_lifeos_backend.TestOnboardDocument" name="test_parse_returns_profile" time="6.909" /><testcase classname="tests.test_lifeos_backend.TestOnboardConversational" name="test_empty_rejected" time="0.069" /><testcase classname="tests.test_lifeos_backend.TestOnboardConversational" name="test_answers_return_profile" time="5.639" /><testcase classname="tests.test_lifeos_backend.TestOnboardCommit" name="test_commit_replaces_domains_and_appears_in_workspace" time="0.148" /><testcase classname="tests.test_lifeos_backend.TestDailyLogs" name="test_create_log_with_domains_touched" time="0.223" /><testcase classname="tests.test_lifeos_backend.TestDailyLogs" name="test_rest_day_replaces_previous" time="0.066" /><testcase classname="tests.test_lifeos_backend.TestTasks" name="test_create_task_with_due_and_domain" time="0.146" /><testcase classname="tests.test_lifeos_backend.TestTasks" name="test_patch_task_done" time="0.145" /><testcase classname="tests.test_lifeos_backend.TestTasks" name="test_patch_missing_task_404" time="0.068" /><testcase classname="tests.test_lifeos_backend.TestReflection" name="test_generate_and_save" time="3.642" /><testcase classname="tests.test_lifeos_backend.TestCompanion" name="test_normal_message" time="5.588" /><testcase classname="tests.test_lifeos_backend.TestCompanion" name="test_safety_crisis_fallback" time="0.069" /><testcase classname="tests.test_lifeos_backend.TestCompanion" name="test_messages_persisted" time="0.074" /><testcase classname="tests.test_lifeos_backend.TestGoalsBreakdown" name="test_empty_goal_rejected" time="0.067" /><testcase classname="tests.test_lifeos_backend.TestGoalsBreakdown" name="test_breakdown_creates_tasks_linked_to_domain" time="1.722" /><testcase classname="tests.test_lifeos_backend.TestReflectionHistory" name="test_saved_reflection_shows_in_workspace_reflections" time="0.216" /><testcase classname="tests.test_lifeos_backend.TestRoadmap" name="test_generate_returns_suggestions_and_persists" time="2.685" /><testcase classname="tests.test_lifeos_backend.TestRoadmap" name="test_apply_updates_domain_target_and_marks_accepted" time="0.151" /><testcase classname="tests.test_lifeos_backend.TestRoadmap" name="test_dismiss_removes_from_pending" time="0.150" /><testcase classname="tests.test_lifeos_backend.TestRoadmap" name="test_unknown_id_404" time="0.145" /><testcase classname="tests.test_lifeos_backend.TestToneTuning" name="test_profile_put_persists_directiveness" time="0.145" /><testcase classname="tests.test_lifeos_backend.TestToneTuning" name="test_feedback_too_pushy_lowers_by_15" time="0.215" /><testcase classname="tests.test_lifeos_backend.TestToneTuning" name="test_feedback_too_soft_raises_by_15" time="0.135" /><testcase classname="tests.test_lifeos_backend.TestToneTuning" name="test_feedback_floor_and_cap" time="0.274" /><testcase classname="tests.test_lifeos_backend.TestToneTuning" name="test_feedback_unknown_kind_400" time="0.066" /><testcase classname="tests.test_lifeos_backend.TestToneTuning" name="test_companion_still_responds_after_tune" time="1.395" /><testcase classname="tests.test_lifeos_backend.TestIsolation" name="test_other_user_cannot_see_data" time="0.063" /></testsuite></testsuites>