<?xml version="1.0" encoding="utf-8"?><testsuites name="pytest tests"><testsuite name="pytest" errors="0" failures="0" skipped="0" tests="21" time="27.056" timestamp="2026-08-18T17:23:59.477530+00:00" hostname="agent-env-6df108d7-8596-4994-9596-72a6f02819a2"><testcase classname="tests.test_lifeos_backend.TestAuth" name="test_root_public" time="0.526" /><testcase classname="tests.test_lifeos_backend.TestAuth" name="test_me_requires_auth" time="0.080" /><testcase classname="tests.test_lifeos_backend.TestAuth" name="test_workspace_requires_auth" time="0.077" /><testcase classname="tests.test_lifeos_backend.TestAuth" name="test_invalid_token" time="0.085" /><testcase classname="tests.test_lifeos_backend.TestAuth" name="test_me_ok" time="0.186" /><testcase classname="tests.test_lifeos_backend.TestAuth" name="test_workspace_shape" time="0.090" /><testcase classname="tests.test_lifeos_backend.TestOnboardDocument" name="test_empty_rejected" time="0.065" /><testcase classname="tests.test_lifeos_backend.TestOnboardDocument" name="test_parse_returns_profile" time="11.561" /><testcase classname="tests.test_lifeos_backend.TestOnboardConversational" name="test_empty_rejected" time="0.086" /><testcase classname="tests.test_lifeos_backend.TestOnboardConversational" name="test_answers_return_profile" time="4.823" /><testcase classname="tests.test_lifeos_backend.TestOnboardCommit" name="test_commit_replaces_domains_and_appears_in_workspace" time="0.154" /><testcase classname="tests.test_lifeos_backend.TestDailyLogs" name="test_create_log_with_domains_touched" time="0.206" /><testcase classname="tests.test_lifeos_backend.TestDailyLogs" name="test_rest_day_replaces_previous" time="0.089" /><testcase classname="tests.test_lifeos_backend.TestTasks" name="test_create_task_with_due_and_domain" time="0.169" /><testcase classname="tests.test_lifeos_backend.TestTasks" name="test_patch_task_done" time="0.172" /><testcase classname="tests.test_lifeos_backend.TestTasks" name="test_patch_missing_task_404" time="0.064" /><testcase classname="tests.test_lifeos_backend.TestReflection" name="test_generate_and_save" time="3.365" /><testcase classname="tests.test_lifeos_backend.TestCompanion" name="test_normal_message" time="4.941" /><testcase classname="tests.test_lifeos_backend.TestCompanion" name="test_safety_crisis_fallback" time="0.090" /><testcase classname="tests.test_lifeos_backend.TestCompanion" name="test_messages_persisted" time="0.097" /><testcase classname="tests.test_lifeos_backend.TestIsolation" name="test_other_user_cannot_see_data" time="0.078" /></testsuite></testsuites>